TN:
SF:src\app.ts
FN:1,__name
FN:1,__export
FN:1,__copyProps
FN:1,get
FN:1,__toESM
FN:1,__toCommonJS
FN:1,createApp
FN:14,createApp
FNF:8
FNH:8
FNDA:1,__name
FNDA:1,__export
FNDA:4,__copyProps
FNDA:8,get
FNDA:3,__toESM
FNDA:1,__toCommonJS
FNDA:8,createApp
FNDA:8,createApp
DA:1,1
DA:2,1
DA:3,1
DA:4,1
DA:5,1
DA:6,1
DA:7,1
DA:8,1
DA:9,1
DA:10,1
DA:11,1
DA:12,1
DA:13,1
DA:14,1
DA:15,8
DA:16,8
DA:17,8
DA:18,8
DA:19,8
DA:20,8
DA:21,8
DA:22,8
DA:23,8
DA:24,8
DA:25,8
DA:26,8
DA:27,8
DA:28,8
DA:29,8
DA:30,8
DA:31,8
DA:32,8
DA:33,8
DA:34,8
DA:35,8
DA:36,8
DA:37,8
DA:38,8
DA:39,8
DA:40,8
DA:41,8
DA:42,8
DA:43,8
DA:44,8
DA:45,8
DA:46,8
DA:47,8
DA:48,8
DA:49,8
DA:50,8
DA:51,8
DA:52,8
DA:53,8
DA:54,8
LF:54
LH:54
BRDA:14,0,0,0
BRDA:1,1,0,1
BRDA:1,2,0,1
BRDA:1,3,0,4
BRDA:1,4,0,3
BRDA:1,5,0,47
BRDA:1,6,0,46
BRDA:1,7,0,46
BRDA:1,8,0,8
BRDA:1,9,0,3
BRDA:1,10,0,0
BRDA:1,11,0,0
BRDA:1,12,0,1
BRDA:1,13,0,8
BRDA:14,14,0,8
BRF:15
BRH:12
end_of_record
TN:
SF:src\config\env.ts
FN:1,__name
FN:1,__export
FN:1,__copyProps
FN:1,get
FN:1,__toESM
FN:1,__toCommonJS
FN:1,env
FN:1,isDevelopment
FN:1,isTest
FN:6,readNumber
FN:21,readString
FN:33,readSecret
FN:43,readSeconds
FN:56,readCount
FNF:14
FNH:14
FNDA:5,__name
FNDA:1,__export
FNDA:2,__copyProps
FNDA:1064,get
FNDA:1,__toESM
FNDA:1,__toCommonJS
FNDA:1058,env
FNDA:1,isDevelopment
FNDA:5,isTest
FNDA:3,readNumber
FNDA:2,readString
FNDA:1,readSecret
FNDA:1,readSeconds
FNDA:1,readCount
DA:1,1
DA:2,1
DA:3,1
DA:4,1
DA:5,1
DA:6,3
DA:7,3
DA:8,3
DA:9,1
DA:10,1
DA:11,3
DA:12,3
DA:13,3
DA:14,0
DA:15,0
DA:16,3
DA:17,3
DA:18,3
DA:19,1
DA:20,1
DA:21,2
DA:22,2
DA:23,2
DA:24,2
DA:25,2
DA:26,0
DA:27,0
DA:28,2
DA:29,2
DA:30,2
DA:31,1
DA:32,1
DA:33,1
DA:34,1
DA:35,1
DA:36,0
DA:37,0
DA:38,1
DA:39,1
DA:40,1
DA:41,1
DA:42,1
DA:43,1
DA:44,1
DA:45,1
DA:46,1
DA:47,0
DA:48,0
DA:49,0
DA:50,0
DA:51,1
DA:52,1
DA:53,1
DA:54,1
DA:55,1
DA:56,1
DA:57,1
DA:58,1
DA:59,1
DA:60,0
DA:61,0
DA:62,1
DA:63,1
DA:64,1
DA:65,1
DA:66,1
DA:67,1
DA:68,1
DA:69,1
DA:70,1
DA:71,1
DA:72,1
DA:73,1
DA:74,1
DA:75,1
DA:76,1
DA:77,1
DA:78,1
DA:79,1
DA:80,1
DA:81,1
DA:82,1
DA:83,1
LF:83
LH:71
BRDA:66,0,0,0
BRDA:72,1,0,0
BRDA:83,2,0,0
BRDA:1,3,0,5
BRDA:1,4,0,1
BRDA:1,5,0,3
BRDA:1,6,0,2
BRDA:1,7,0,0
BRDA:1,8,0,10
BRDA:1,9,0,1064
BRDA:1,10,0,1
BRDA:1,11,0,0
BRDA:1,12,0,0
BRDA:1,13,0,1
BRDA:1,14,0,1058
BRDA:1,15,0,1
BRDA:1,16,0,5
BRDA:6,17,0,3
BRDA:8,18,0,2
BRDA:8,19,0,1
BRDA:12,20,0,2
BRDA:13,21,0,0
BRDA:17,22,0,2
BRDA:21,23,0,2
BRDA:25,24,0,0
BRDA:33,25,0,1
BRDA:35,26,0,0
BRDA:43,27,0,1
BRDA:46,28,0,0
BRDA:56,29,0,1
BRDA:59,30,0,0
BRF:31
BRH:20
end_of_record
TN:
SF:src\db\prisma.ts
FN:1,__name
FN:1,__export
FN:1,__copyProps
FN:1,get
FN:1,__toCommonJS
FN:1,isDatabaseReachable
FN:1,prisma
FN:30,isDatabaseReachable
FNF:8
FNH:8
FNDA:1,__name
FNDA:1,__export
FNDA:1,__copyProps
FNDA:1696,get
FNDA:1,__toCommonJS
FNDA:17,isDatabaseReachable
FNDA:1679,prisma
FNDA:17,isDatabaseReachable
DA:1,1
DA:2,1
DA:3,1
DA:4,1
DA:5,1
DA:6,1
DA:7,1
DA:8,1
DA:9,1
DA:10,1
DA:11,1
DA:12,1
DA:13,1
DA:14,1
DA:15,1
DA:16,1
DA:17,1
DA:18,1
DA:19,1
DA:20,1
DA:21,1
DA:22,1
DA:23,1
DA:24,1
DA:25,1
DA:26,1
DA:27,1
DA:28,1
DA:29,1
DA:30,17
DA:31,17
DA:32,17
DA:33,17
DA:34,17
DA:35,17
DA:36,17
DA:37,17
DA:38,17
DA:39,17
DA:40,17
DA:41,17
DA:42,17
DA:43,17
DA:44,17
DA:45,17
DA:46,17
DA:47,17
DA:48,17
DA:49,17
DA:50,17
DA:51,17
DA:52,17
DA:53,17
DA:54,0
DA:55,17
DA:56,17
DA:57,17
DA:58,17
LF:58
LH:57
BRDA:30,0,0,0
BRDA:1,1,0,1
BRDA:1,2,0,1
BRDA:1,3,0,2
BRDA:1,4,0,1
BRDA:1,5,0,0
BRDA:1,6,0,2
BRDA:1,7,0,1696
BRDA:1,8,0,1
BRDA:1,9,0,17
BRDA:1,10,0,1679
BRDA:30,11,0,17
BRDA:53,12,0,0
BRDA:36,13,0,17
BRF:14
BRH:11
end_of_record
TN:
SF:src\middleware\errorHandler.ts
FN:1,__name
FN:1,__export
FN:1,__copyProps
FN:1,get
FN:1,__toCommonJS
FN:1,errorHandler
FN:1,notFoundHandler
FN:7,notFoundHandler
FN:23,bodyParserFailure
FN:43,errorHandler
FNF:10
FNH:10
FNDA:3,__name
FNDA:1,__export
FNDA:1,__copyProps
FNDA:20,get
FNDA:1,__toCommonJS
FNDA:12,errorHandler
FNDA:8,notFoundHandler
FNDA:2,notFoundHandler
FNDA:2,bodyParserFailure
FNDA:64,errorHandler
DA:1,8
DA:2,1
DA:3,1
DA:4,1
DA:5,1
DA:6,1
DA:7,1
DA:8,2
DA:9,2
DA:10,2
DA:11,2
DA:12,1
DA:13,1
DA:14,1
DA:15,1
DA:16,1
DA:17,1
DA:18,1
DA:19,1
DA:20,1
DA:21,1
DA:22,1
DA:23,2
DA:24,2
DA:25,2
DA:26,2
DA:27,2
DA:28,2
DA:29,2
DA:30,2
DA:31,2
DA:32,0
DA:33,0
DA:34,2
DA:35,2
DA:36,2
DA:37,2
DA:38,2
DA:39,2
DA:40,1
DA:41,1
DA:42,1
DA:43,1
DA:44,64
DA:45,64
DA:46,64
DA:47,0
DA:48,0
DA:49,0
DA:50,0
DA:51,64
DA:52,64
DA:53,64
DA:54,62
DA:55,62
DA:56,62
DA:57,62
DA:58,62
DA:59,62
DA:60,62
DA:61,62
DA:62,62
DA:63,62
DA:64,64
DA:65,64
DA:66,64
DA:67,2
DA:68,2
DA:69,2
DA:70,2
DA:71,2
DA:72,2
DA:73,2
DA:74,2
DA:75,2
DA:76,2
DA:77,64
DA:78,64
DA:79,0
DA:80,0
DA:81,0
DA:82,0
DA:83,64
LF:83
LH:73
BRDA:43,0,0,0
BRDA:1,1,0,3
BRDA:1,2,0,1
BRDA:1,3,0,2
BRDA:1,4,0,1
BRDA:1,5,0,0
BRDA:1,6,0,2
BRDA:1,7,0,20
BRDA:1,8,0,1
BRDA:1,9,0,12
BRDA:1,10,0,8
BRDA:7,11,0,2
BRDA:23,12,0,2
BRDA:29,13,0,0
BRDA:31,14,0,0
BRDA:36,15,0,0
BRDA:38,16,0,0
BRDA:43,17,0,64
BRDA:46,18,0,0
BRDA:53,19,0,62
BRDA:53,20,0,62
BRDA:60,21,0,21
BRDA:60,22,0,41
BRDA:66,23,0,2
BRDA:78,24,0,0
BRF:25
BRH:17
end_of_record
TN:
SF:src\middleware\rateLimit.ts
FN:1,__name
FN:1,__export
FN:1,__copyProps
FN:1,get
FN:1,__toESM
FN:1,__toCommonJS
FN:1,apiLimiter
FN:1,authLimiter
FN:1,createLimiter
FN:1,shareLimiter
FN:16,createLimiter
FN:29,limiter
FNF:12
FNH:12
FNDA:9,__name
FNDA:1,__export
FNDA:2,__copyProps
FNDA:16,get
FNDA:1,__toESM
FNDA:1,__toCommonJS
FNDA:8,apiLimiter
FNDA:3,authLimiter
FNDA:4,createLimiter
FNDA:1,shareLimiter
FNDA:7,createLimiter
FNDA:3,limiter
DA:1,1
DA:2,1
DA:3,1
DA:4,1
DA:5,1
DA:6,1
DA:7,1
DA:8,1
DA:9,1
DA:10,1
DA:11,1
DA:12,1
DA:13,1
DA:14,1
DA:15,1
DA:16,1
DA:17,7
DA:18,7
DA:19,7
DA:20,7
DA:21,7
DA:22,7
DA:23,1
DA:24,1
DA:25,1
DA:26,7
DA:27,7
DA:28,1
DA:29,3
DA:30,3
DA:31,3
DA:32,1
DA:33,1
DA:34,1
DA:35,1
DA:36,1
DA:37,1
DA:38,1
DA:39,1
DA:40,1
DA:41,1
DA:42,1
DA:43,1
DA:44,1
DA:45,1
DA:46,1
DA:47,1
DA:48,1
LF:48
LH:48
BRDA:48,0,0,0
BRDA:1,1,0,9
BRDA:1,2,0,1
BRDA:1,3,0,4
BRDA:1,4,0,2
BRDA:1,5,0,1
BRDA:1,6,0,14
BRDA:1,7,0,13
BRDA:1,8,0,13
BRDA:1,9,0,16
BRDA:1,10,0,1
BRDA:1,11,0,0
BRDA:1,12,0,0
BRDA:1,13,0,1
BRDA:1,14,0,8
BRDA:1,15,0,3
BRDA:1,16,0,4
BRDA:1,17,0,1
BRDA:16,18,0,7
BRDA:22,19,0,1
BRDA:29,20,0,3
BRDA:30,21,0,0
BRF:22
BRH:18
end_of_record
TN:
SF:src\middleware\requestLogger.ts
FN:1,__export
FN:1,__copyProps
FN:1,get
FN:1,__toCommonJS
FN:1,requestLogger
FNF:5
FNH:5
FNDA:1,__export
FNDA:1,__copyProps
FNDA:8,get
FNDA:1,__toCommonJS
FNDA:8,requestLogger
DA:1,1
DA:2,1
DA:3,1
DA:4,1
DA:5,1
LF:5
LH:5
BRDA:5,0,0,0
BRDA:1,1,0,1
BRDA:1,2,0,1
BRDA:1,3,0,0
BRDA:1,4,0,8
BRDA:1,5,0,1
BRDA:1,6,0,8
BRF:7
BRH:5
end_of_record
TN:
SF:src\middleware\requireAuth.ts
FN:1,__name
FN:1,__export
FN:1,__copyProps
FN:1,get
FN:1,__toCommonJS
FN:1,currentUserId
FN:1,requireAuth
FN:9,requireAuth
FN:41,currentUserId
FNF:9
FNH:9
FNDA:2,__name
FNDA:1,__export
FNDA:1,__copyProps
FNDA:378,get
FNDA:1,__toCommonJS
FNDA:375,currentUserId
FNDA:3,requireAuth
FNDA:396,requireAuth
FNDA:375,currentUserId
DA:1,3
DA:2,1
DA:3,1
DA:4,1
DA:5,1
DA:6,1
DA:7,1
DA:8,1
DA:9,396
DA:10,396
DA:11,396
DA:12,396
DA:13,396
DA:14,14
DA:15,14
DA:16,14
DA:17,396
DA:18,396
DA:19,396
DA:20,2
DA:21,2
DA:22,2
DA:23,396
DA:24,396
DA:25,396
DA:26,396
DA:27,396
DA:28,3
DA:29,3
DA:30,3
DA:31,396
DA:32,0
DA:33,0
DA:34,0
DA:35,396
DA:36,396
DA:37,377
DA:38,396
DA:39,1
DA:40,1
DA:41,1
DA:42,375
DA:43,0
DA:44,0
DA:45,375
DA:46,375
DA:47,375
LF:47
LH:42
BRDA:41,0,0,0
BRDA:1,1,0,2
BRDA:1,2,0,1
BRDA:1,3,0,2
BRDA:1,4,0,1
BRDA:1,5,0,0
BRDA:1,6,0,2
BRDA:1,7,0,378
BRDA:1,8,0,1
BRDA:1,9,0,375
BRDA:1,10,0,3
BRDA:9,11,0,396
BRDA:13,12,0,14
BRDA:18,13,0,382
BRDA:19,14,0,2
BRDA:26,15,0,380
BRDA:27,16,0,3
BRDA:31,17,0,0
BRDA:36,18,0,377
BRDA:41,19,0,375
BRDA:42,20,0,0
BRF:21
BRH:17
end_of_record
TN:
SF:src\middleware\validate.ts
FN:1,__name
FN:1,__export
FN:1,__copyProps
FN:1,get
FN:1,__toCommonJS
FN:1,validateBody
FN:7,validateBody
FNF:7
FNH:7
FNDA:1,__name
FNDA:1,__export
FNDA:1,__copyProps
FNDA:6,get
FNDA:1,__toCommonJS
FNDA:6,validateBody
FNDA:6,validateBody
DA:1,6
DA:2,1
DA:3,1
DA:4,1
DA:5,1
DA:6,1
DA:7,1
DA:8,6
DA:9,519
DA:10,519
DA:11,519
DA:12,519
DA:13,15
DA:14,15
DA:15,519
DA:16,6
LF:16
LH:16
BRDA:7,0,0,0
BRDA:1,1,0,1
BRDA:1,2,0,1
BRDA:1,3,0,1
BRDA:1,4,0,0
BRDA:1,5,0,6
BRDA:1,6,0,1
BRDA:1,7,0,6
BRDA:7,8,0,6
BRDA:8,9,0,519
BRDA:12,10,0,15
BRF:11
BRH:9
end_of_record
TN:
SF:src\realtime\socket.ts
FN:1,__name
FN:1,__export
FN:1,__copyProps
FN:1,get
FN:1,__toESM
FN:1,__toCommonJS
FN:1,attachRealtime
FN:1,closeRealtime
FN:1,noteDeleted
FN:1,noteUpdated
FN:1,realtimePath
FN:1,sessionsWithdrawn
FN:1,shareGranted
FN:1,shareRevoked
FN:68,noteRoom
FN:72,userRoom
FN:81,readNoteId
FN:88,authenticate
FN:120,disconnectAtExpiry
FN:140,join
FN:173,excludable
FN:182,noteUpdated
FN:205,noteDeleted
FN:215,shareGranted
FN:232,shareRevoked
FN:248,sessionsWithdrawn
FN:257,attachRealtime
FN:299,closeRealtime
FNF:28
FNH:28
FNDA:14,__name
FNDA:1,__export
FNDA:2,__copyProps
FNDA:71,get
FNDA:1,__toESM
FNDA:1,__toCommonJS
FNDA:1,attachRealtime
FNDA:1,closeRealtime
FNDA:2,noteDeleted
FNDA:20,noteUpdated
FNDA:22,realtimePath
FNDA:6,sessionsWithdrawn
FNDA:15,shareGranted
FNDA:4,shareRevoked
FNDA:26,noteRoom
FNDA:39,userRoom
FNDA:16,readNoteId
FNDA:22,authenticate
FNDA:19,disconnectAtExpiry
FNDA:16,join
FNDA:7,excludable
FNDA:20,noteUpdated
FNDA:2,noteDeleted
FNDA:15,shareGranted
FNDA:4,shareRevoked
FNDA:6,sessionsWithdrawn
FNDA:1,attachRealtime
FNDA:1,closeRealtime
DA:1,4
DA:2,1
DA:3,1
DA:4,1
DA:5,1
DA:6,1
DA:7,1
DA:8,1
DA:9,1
DA:10,1
DA:11,1
DA:12,1
DA:13,1
DA:14,1
DA:15,1
DA:16,1
DA:17,1
DA:18,1
DA:19,1
DA:20,1
DA:21,1
DA:22,1
DA:23,1
DA:24,1
DA:25,1
DA:26,1
DA:27,1
DA:28,1
DA:29,1
DA:30,1
DA:31,1
DA:32,1
DA:33,1
DA:34,1
DA:35,1
DA:36,1
DA:37,1
DA:38,1
DA:39,1
DA:40,1
DA:41,1
DA:42,1
DA:43,1
DA:44,1
DA:45,1
DA:46,1
DA:47,1
DA:48,1
DA:49,1
DA:50,1
DA:51,1
DA:52,1
DA:53,1
DA:54,1
DA:55,1
DA:56,1
DA:57,1
DA:58,1
DA:59,1
DA:60,1
DA:61,1
DA:62,1
DA:63,1
DA:64,1
DA:65,1
DA:66,1
DA:67,1
DA:68,26
DA:69,26
DA:70,26
DA:71,1
DA:72,39
DA:73,39
DA:74,39
DA:75,1
DA:76,1
DA:77,1
DA:78,1
DA:79,1
DA:80,1
DA:81,16
DA:82,16
DA:83,16
DA:84,16
DA:85,16
DA:86,1
DA:87,1
DA:88,22
DA:89,22
DA:90,22
DA:91,22
DA:92,22
DA:93,22
DA:94,22
DA:95,22
DA:96,22
DA:97,1
DA:98,1
DA:99,1
DA:100,1
DA:101,22
DA:102,22
DA:103,2
DA:104,2
DA:105,2
DA:106,2
DA:107,22
DA:108,22
DA:109,19
DA:110,19
DA:111,22
DA:112,1
DA:113,1
DA:114,1
DA:115,1
DA:116,1
DA:117,1
DA:118,1
DA:119,1
DA:120,19
DA:121,19
DA:122,19
DA:123,19
DA:124,0
DA:125,0
DA:126,0
DA:127,19
DA:128,19
DA:129,19
DA:130,19
DA:131,19
DA:132,19
DA:133,19
DA:134,19
DA:135,19
DA:136,19
DA:137,19
DA:138,1
DA:139,1
DA:140,16
DA:141,16
DA:142,16
DA:143,16
DA:144,1
DA:145,1
DA:146,1
DA:147,16
DA:148,16
DA:149,16
DA:150,16
DA:151,2
DA:152,2
DA:153,2
DA:154,2
DA:155,16
DA:156,16
DA:157,13
DA:158,13
DA:159,13
DA:160,13
DA:161,16
DA:162,0
DA:163,0
DA:164,0
DA:165,0
DA:166,16
DA:167,16
DA:168,16
DA:169,1
DA:170,1
DA:171,1
DA:172,1
DA:173,7
DA:174,7
DA:175,4
DA:176,4
DA:177,7
DA:178,7
DA:179,7
DA:180,1
DA:181,1
DA:182,1
DA:183,20
DA:184,13
DA:185,13
DA:186,20
DA:187,20
DA:188,7
DA:189,7
DA:190,7
DA:191,7
DA:192,7
DA:193,7
DA:194,7
DA:195,7
DA:196,7
DA:197,7
DA:198,7
DA:199,20
DA:200,20
DA:201,20
DA:202,20
DA:203,1
DA:204,1
DA:205,1
DA:206,2
DA:207,1
DA:208,1
DA:209,1
DA:210,1
DA:211,1
DA:212,2
DA:213,1
DA:214,1
DA:215,1
DA:216,15
DA:217,3
DA:218,3
DA:219,15
DA:220,15
DA:221,15
DA:222,15
DA:223,15
DA:224,1
DA:225,1
DA:226,1
DA:227,1
DA:228,1
DA:229,1
DA:230,1
DA:231,1
DA:232,1
DA:233,4
DA:234,1
DA:235,1
DA:236,4
DA:237,4
DA:238,3
DA:239,4
DA:240,1
DA:241,1
DA:242,1
DA:243,1
DA:244,1
DA:245,1
DA:246,1
DA:247,1
DA:248,1
DA:249,6
DA:250,4
DA:251,4
DA:252,6
DA:253,6
DA:254,6
DA:255,1
DA:256,1
DA:257,1
DA:258,1
DA:259,1
DA:260,1
DA:261,1
DA:262,1
DA:263,22
DA:264,0
DA:265,0
DA:266,22
DA:267,1
DA:268,1
DA:269,1
DA:270,19
DA:271,19
DA:272,19
DA:273,19
DA:274,16
DA:275,16
DA:276,16
DA:277,0
DA:278,0
DA:279,16
DA:280,19
DA:281,19
DA:282,0
DA:283,0
DA:284,0
DA:285,19
DA:286,1
DA:287,1
DA:288,1
DA:289,1
DA:290,1
DA:291,1
DA:292,1
DA:293,1
DA:294,1
DA:295,1
DA:296,1
DA:297,1
DA:298,1
DA:299,1
DA:300,1
DA:301,1
DA:302,1
DA:303,1
DA:304,1
DA:305,0
DA:306,1
DA:307,1
LF:307
LH:292
BRDA:299,0,0,0
BRDA:1,1,0,14
BRDA:1,2,0,1
BRDA:1,3,0,8
BRDA:1,4,0,2
BRDA:1,5,0,1
BRDA:1,6,0,15
BRDA:1,7,0,71
BRDA:1,8,0,1
BRDA:1,9,0,0
BRDA:1,10,0,0
BRDA:1,11,0,1
BRDA:1,12,0,1
BRDA:1,13,0,1
BRDA:1,14,0,2
BRDA:1,15,0,20
BRDA:1,16,0,22
BRDA:1,17,0,6
BRDA:1,18,0,15
BRDA:1,19,0,4
BRDA:68,20,0,26
BRDA:72,21,0,39
BRDA:81,22,0,16
BRDA:84,23,0,15
BRDA:84,24,0,1
BRDA:88,25,0,22
BRDA:92,26,0,1
BRDA:92,27,0,21
BRDA:96,28,0,20
BRDA:96,29,0,1
BRDA:102,30,0,21
BRDA:102,31,0,2
BRDA:108,32,0,19
BRDA:120,33,0,19
BRDA:123,34,0,0
BRDA:136,35,0,19
BRDA:140,36,0,16
BRDA:143,37,0,1
BRDA:150,38,0,15
BRDA:150,39,0,2
BRDA:156,40,0,13
BRDA:161,41,0,0
BRDA:167,42,0,13
BRDA:173,43,0,7
BRDA:174,44,0,4
BRDA:178,45,0,3
BRDA:178,46,0,2
BRDA:178,47,0,1
BRDA:178,48,0,2
BRDA:182,49,0,20
BRDA:183,50,0,13
BRDA:187,51,0,7
BRDA:199,52,0,6
BRDA:199,53,0,1
BRDA:205,54,0,2
BRDA:206,55,0,1
BRDA:215,56,0,15
BRDA:216,57,0,3
BRDA:222,58,0,12
BRDA:232,59,0,4
BRDA:233,60,0,1
BRDA:237,61,0,3
BRDA:248,62,0,6
BRDA:249,63,0,4
BRDA:253,64,0,2
BRDA:257,65,0,1
BRDA:262,66,0,22
BRDA:269,67,0,19
BRDA:273,68,0,16
BRDA:299,69,0,1
BRDA:304,70,0,0
BRDA:306,71,0,1
BRDA:306,72,0,1
BRF:73
BRH:67
end_of_record
TN:
SF:src\routes\auth.ts
FN:1,__export
FN:1,__copyProps
FN:1,get
FN:1,__toCommonJS
FN:1,authRouter
FNF:5
FNH:5
FNDA:1,__export
FNDA:1,__copyProps
FNDA:8,get
FNDA:1,__toCommonJS
FNDA:8,authRouter
DA:1,1
DA:2,1
DA:3,1
DA:4,1
DA:5,1
DA:6,1
DA:7,1
DA:8,1
DA:9,1
DA:10,1
DA:11,1
DA:12,1
DA:13,1
DA:14,1
DA:15,1
DA:16,1
DA:17,1
DA:18,1
DA:19,1
DA:20,1
DA:21,1
DA:22,1
DA:23,1
DA:24,1
DA:25,1
DA:26,1
DA:27,1
DA:28,1
DA:29,1
DA:30,1
DA:31,1
DA:32,1
DA:33,1
DA:34,1
DA:35,1
DA:36,1
DA:37,1
DA:38,1
DA:39,1
DA:40,1
DA:41,1
DA:42,1
DA:43,1
DA:44,1
DA:45,1
DA:46,1
DA:47,1
DA:48,1
DA:49,1
DA:50,1
DA:51,1
DA:52,1
DA:53,1
DA:54,201
DA:55,200
DA:56,200
DA:57,200
DA:58,200
DA:59,1
DA:60,1
DA:61,1
DA:62,10
DA:63,6
DA:64,6
DA:65,6
DA:66,6
DA:67,1
DA:68,1
DA:69,1
DA:70,1
DA:71,1
DA:72,1
DA:73,1
DA:74,1
DA:75,1
DA:76,1
DA:77,1
DA:78,4
DA:79,0
DA:80,0
DA:81,4
DA:82,4
DA:83,4
DA:84,4
DA:85,0
DA:86,0
DA:87,4
DA:88,4
DA:89,1
DA:90,1
DA:91,1
DA:92,1
DA:93,1
DA:94,1
DA:95,1
DA:96,1
DA:97,8
DA:98,0
DA:99,0
DA:100,8
DA:101,8
DA:102,8
DA:103,8
DA:104,8
DA:105,8
DA:106,6
DA:107,6
DA:108,6
DA:109,6
DA:110,6
DA:111,6
DA:112,6
DA:113,6
DA:114,6
DA:115,6
DA:116,8
DA:117,0
LF:117
LH:110
BRDA:117,0,0,0
BRDA:1,1,0,1
BRDA:1,2,0,1
BRDA:1,3,0,0
BRDA:1,4,0,8
BRDA:1,5,0,1
BRDA:1,6,0,8
BRDA:26,7,0,216
BRDA:29,8,0,216
BRDA:53,9,0,201
BRDA:54,10,0,200
BRDA:61,11,0,10
BRDA:62,12,0,6
BRDA:69,13,0,1
BRDA:77,14,0,4
BRDA:78,15,0,0
BRDA:84,16,0,0
BRDA:96,17,0,8
BRDA:97,18,0,0
BRDA:105,19,0,6
BRF:20
BRH:15
end_of_record
TN:
SF:src\routes\health.ts
FN:1,__export
FN:1,__copyProps
FN:1,get
FN:1,__toCommonJS
FN:1,healthRouter
FNF:5
FNH:5
FNDA:1,__export
FNDA:1,__copyProps
FNDA:8,get
FNDA:1,__toCommonJS
FNDA:8,healthRouter
DA:1,1
DA:2,1
DA:3,1
DA:4,1
DA:5,1
DA:6,1
DA:7,1
DA:8,7
DA:9,7
DA:10,7
DA:11,7
DA:12,7
DA:13,7
DA:14,7
DA:15,7
DA:16,7
DA:17,7
DA:18,7
DA:19,7
DA:20,7
DA:21,7
DA:22,7
DA:23,1
LF:23
LH:23
BRDA:23,0,0,0
BRDA:1,1,0,1
BRDA:1,2,0,1
BRDA:1,3,0,0
BRDA:1,4,0,8
BRDA:1,5,0,1
BRDA:1,6,0,8
BRDA:7,7,0,7
BRDA:16,8,0,0
BRF:9
BRH:6
end_of_record
TN:
SF:src\routes\notes.ts
FN:1,__name
FN:1,__export
FN:1,__copyProps
FN:1,get
FN:1,__toCommonJS
FN:1,notesRouter
FN:34,wholeNumber
FN:44,noteId
FNF:8
FNH:8
FNDA:2,__name
FNDA:1,__export
FNDA:1,__copyProps
FNDA:8,get
FNDA:1,__toCommonJS
FNDA:8,notesRouter
FNDA:64,wholeNumber
FNDA:59,noteId
DA:1,1
DA:2,1
DA:3,1
DA:4,1
DA:5,1
DA:6,1
DA:7,1
DA:8,1
DA:9,1
DA:10,1
DA:11,1
DA:12,1
DA:13,1
DA:14,1
DA:15,1
DA:16,1
DA:17,1
DA:18,1
DA:19,1
DA:20,1
DA:21,1
DA:22,1
DA:23,1
DA:24,1
DA:25,1
DA:26,1
DA:27,1
DA:28,1
DA:29,1
DA:30,1
DA:31,1
DA:32,1
DA:33,1
DA:34,64
DA:35,64
DA:36,64
DA:37,64
DA:38,2
DA:39,2
DA:40,64
DA:41,64
DA:42,64
DA:43,1
DA:44,59
DA:45,59
DA:46,59
DA:47,1
DA:48,1
DA:49,35
DA:50,35
DA:51,35
DA:52,1
DA:53,1
DA:54,1
DA:55,242
DA:56,242
DA:57,242
DA:58,242
DA:59,1
DA:60,1
DA:61,1
DA:62,1
DA:63,6
DA:64,6
DA:65,6
DA:66,6
DA:67,6
DA:68,6
DA:69,6
DA:70,6
DA:71,6
DA:72,6
DA:73,6
DA:74,6
DA:75,104
DA:76,104
DA:77,104
DA:78,6
DA:79,6
DA:80,6
DA:81,6
DA:82,1
DA:83,1
DA:84,1
DA:85,11
DA:86,11
DA:87,11
DA:88,1
DA:89,1
DA:90,1
DA:91,3
DA:92,3
DA:93,3
DA:94,1
DA:95,1
DA:96,1
DA:97,6
DA:98,6
DA:99,6
DA:100,1
DA:101,1
DA:102,1
DA:103,26
DA:104,26
DA:105,20
DA:106,20
DA:107,20
DA:108,20
DA:109,20
DA:110,20
DA:111,20
DA:112,1
DA:113,1
DA:114,1
DA:115,4
DA:116,4
DA:117,4
DA:118,2
DA:119,2
DA:120,2
DA:121,1
DA:122,1
DA:123,1
DA:124,1
DA:125,1
DA:126,1
DA:127,1
DA:128,1
DA:129,1
DA:130,17
DA:131,17
DA:132,17
DA:133,15
DA:134,15
DA:135,15
DA:136,15
DA:137,17
DA:138,1
DA:139,1
DA:140,1
DA:141,5
DA:142,5
DA:143,5
DA:144,5
DA:145,4
DA:146,4
DA:147,4
DA:148,1
LF:148
LH:148
BRDA:148,0,0,0
BRDA:1,1,0,2
BRDA:1,2,0,1
BRDA:1,3,0,1
BRDA:1,4,0,0
BRDA:1,5,0,8
BRDA:1,6,0,1
BRDA:1,7,0,8
BRDA:34,8,0,64
BRDA:35,9,0,0
BRDA:37,10,0,62
BRDA:37,11,0,2
BRDA:41,12,0,62
BRDA:44,13,0,59
BRDA:48,14,0,35
BRDA:51,15,0,32
BRDA:54,16,0,242
BRDA:62,17,0,6
BRDA:74,18,0,104
BRDA:75,19,0,4
BRDA:75,20,0,100
BRDA:84,21,0,11
BRDA:87,22,0,8
BRDA:90,23,0,3
BRDA:96,24,0,6
BRDA:99,25,0,3
BRDA:102,26,0,26
BRDA:104,27,0,20
BRDA:114,28,0,4
BRDA:117,29,0,2
BRDA:123,30,0,1
BRDA:129,31,0,17
BRDA:132,32,0,15
BRDA:137,33,0,14
BRDA:137,34,0,1
BRDA:140,35,0,5
BRDA:144,36,0,4
BRF:37
BRH:34
end_of_record
TN:
SF:src\services\authService.ts
FN:1,__name
FN:1,__export
FN:1,__copyProps
FN:1,get
FN:1,__toCommonJS
FN:1,authenticateUser
FN:1,changePassword
FN:1,findUserByEmail
FN:1,findUserById
FN:1,normaliseEmail
FN:1,registerUser
FN:1,sessionIsCurrent
FN:1,userSummaryFields
FN:31,toPublicUser
FN:36,normaliseEmail
FN:45,registerUser
FN:77,authenticateUser
FN:102,sessionIsCurrent
FN:117,changePassword
FN:152,findUserById
FN:157,findUserByEmail
FNF:21
FNH:20
FNDA:8,__name
FNDA:1,__export
FNDA:1,__copyProps
FNDA:953,get
FNDA:1,__toCommonJS
FNDA:10,authenticateUser
FNDA:8,changePassword
FNDA:22,findUserByEmail
FNDA:4,findUserById
FNDA:0,normaliseEmail
FNDA:201,registerUser
FNDA:400,sessionIsCurrent
FNDA:308,userSummaryFields
FNDA:206,toPublicUser
FNDA:233,normaliseEmail
FNDA:201,registerUser
FNDA:10,authenticateUser
FNDA:400,sessionIsCurrent
FNDA:8,changePassword
FNDA:4,findUserById
FNDA:22,findUserByEmail
DA:1,1
DA:2,1
DA:3,1
DA:4,1
DA:5,1
DA:6,1
DA:7,1
DA:8,1
DA:9,1
DA:10,1
DA:11,1
DA:12,1
DA:13,1
DA:14,1
DA:15,1
DA:16,1
DA:17,1
DA:18,1
DA:19,1
DA:20,1
DA:21,1
DA:22,1
DA:23,1
DA:24,1
DA:25,1
DA:26,1
DA:27,1
DA:28,1
DA:29,1
DA:30,1
DA:31,206
DA:32,206
DA:33,206
DA:34,1
DA:35,1
DA:36,1
DA:37,233
DA:38,233
DA:39,1
DA:40,1
DA:41,1
DA:42,1
DA:43,1
DA:44,1
DA:45,201
DA:46,201
DA:47,201
DA:48,201
DA:49,201
DA:50,201
DA:51,201
DA:52,201
DA:53,201
DA:54,201
DA:55,201
DA:56,201
DA:57,201
DA:58,201
DA:59,201
DA:60,201
DA:61,201
DA:62,201
DA:63,200
DA:64,200
DA:65,201
DA:66,1
DA:67,1
DA:68,1
DA:69,1
DA:70,1
DA:71,1
DA:72,1
DA:73,0
DA:74,201
DA:75,1
DA:76,1
DA:77,10
DA:78,10
DA:79,10
DA:80,10
DA:81,10
DA:82,10
DA:83,10
DA:84,10
DA:85,10
DA:86,2
DA:87,2
DA:88,2
DA:89,2
DA:90,10
DA:91,10
DA:92,2
DA:93,2
DA:94,2
DA:95,10
DA:96,10
DA:97,6
DA:98,6
DA:99,10
DA:100,1
DA:101,1
DA:102,400
DA:103,400
DA:104,400
DA:105,400
DA:106,400
DA:107,400
DA:108,400
DA:109,400
DA:110,1
DA:111,1
DA:112,1
DA:113,1
DA:114,1
DA:115,1
DA:116,1
DA:117,8
DA:118,8
DA:119,8
DA:120,8
DA:121,8
DA:122,8
DA:123,8
DA:124,8
DA:125,8
DA:126,8
DA:127,8
DA:128,0
DA:129,0
DA:130,8
DA:131,8
DA:132,1
DA:133,1
DA:134,1
DA:135,8
DA:136,8
DA:137,1
DA:138,1
DA:139,8
DA:140,8
DA:141,6
DA:142,6
DA:143,6
DA:144,6
DA:145,6
DA:146,6
DA:147,6
DA:148,6
DA:149,8
DA:150,1
DA:151,1
DA:152,1
DA:153,4
DA:154,4
DA:155,1
DA:156,1
DA:157,1
DA:158,22
DA:159,22
DA:160,22
DA:161,22
DA:162,22
LF:162
LH:159
BRDA:157,0,0,0
BRDA:1,1,0,8
BRDA:1,2,0,1
BRDA:1,3,0,8
BRDA:1,4,0,1
BRDA:1,5,0,0
BRDA:1,6,0,8
BRDA:1,7,0,953
BRDA:1,8,0,1
BRDA:1,9,0,10
BRDA:1,10,0,8
BRDA:1,11,0,22
BRDA:1,12,0,4
BRDA:1,13,0,201
BRDA:1,14,0,400
BRDA:1,15,0,308
BRDA:31,16,0,206
BRDA:36,17,0,233
BRDA:45,18,0,201
BRDA:62,19,0,200
BRDA:65,20,0,1
BRDA:72,21,0,0
BRDA:77,22,0,10
BRDA:85,23,0,2
BRDA:91,24,0,8
BRDA:91,25,0,2
BRDA:96,26,0,6
BRDA:102,27,0,400
BRDA:108,28,0,399
BRDA:117,29,0,8
BRDA:127,30,0,0
BRDA:131,31,0,1
BRDA:136,32,0,7
BRDA:136,33,0,1
BRDA:140,34,0,6
BRDA:152,35,0,4
BRDA:157,36,0,22
BRF:37
BRH:33
end_of_record
TN:
SF:src\services\notesService.ts
FN:1,__name
FN:1,__export
FN:1,__copyProps
FN:1,get
FN:1,__toCommonJS
FN:1,canReadNote
FN:1,contentLimit
FN:1,createNote
FN:1,createNoteSchema
FN:1,defaultPageSize
FN:1,deleteNote
FN:1,eachNoteToExport
FN:1,exportBatch
FN:1,exportVersion
FN:1,getNote
FN:1,importLimit
FN:1,importNotes
FN:1,importSchema
FN:1,listNotes
FN:1,listNotesSchema
FN:1,listSharedNotes
FN:1,listShares
FN:1,pageLimit
FN:1,shareNote
FN:1,shareNoteSchema
FN:1,unshareNote
FN:1,updateNote
FN:1,updateNoteSchema
FN:166,noteFields
FN:193,toNote
FN:207,readable
FN:212,writable
FN:237,searchTerm
FN:243,listBy
FN:280,listNotes
FN:285,listSharedNotes
FN:290,getNote
FN:304,canReadNote
FN:314,createNote
FN:328,updateNote
FN:364,deleteNote
FN:383,ownedOrThrow
FN:395,listShares
FN:412,shareNote
FN:452,unshareNote
FN:476,eachNoteToExport
FN:513,importNotes
FNF:47
FNH:45
FNDA:19,__name
FNDA:1,__export
FNDA:1,__copyProps
FNDA:424,get
FNDA:1,__toCommonJS
FNDA:28,canReadNote
FNDA:1,contentLimit
FNDA:243,createNote
FNDA:1,createNoteSchema
FNDA:1,defaultPageSize
FNDA:4,deleteNote
FNDA:6,eachNoteToExport
FNDA:1,exportBatch
FNDA:13,exportVersion
FNDA:6,getNote
FNDA:1,importLimit
FNDA:11,importNotes
FNDA:0,importSchema
FNDA:35,listNotes
FNDA:0,listNotesSchema
FNDA:8,listSharedNotes
FNDA:3,listShares
FNDA:1,pageLimit
FNDA:24,shareNote
FNDA:1,shareNoteSchema
FNDA:8,unshareNote
FNDA:27,updateNote
FNDA:1,updateNoteSchema
FNDA:307,noteFields
FNDA:381,toNote
FNDA:53,readable
FNDA:18,writable
FNDA:11,searchTerm
FNDA:43,listBy
FNDA:35,listNotes
FNDA:8,listSharedNotes
FNDA:25,getNote
FNDA:28,canReadNote
FNDA:243,createNote
FNDA:27,updateNote
FNDA:4,deleteNote
FNDA:34,ownedOrThrow
FNDA:3,listShares
FNDA:24,shareNote
FNDA:8,unshareNote
FNDA:6,eachNoteToExport
FNDA:11,importNotes
DA:1,1
DA:2,1
DA:3,1
DA:4,1
DA:5,1
DA:6,1
DA:7,1
DA:8,1
DA:9,1
DA:10,1
DA:11,1
DA:12,1
DA:13,1
DA:14,1
DA:15,1
DA:16,1
DA:17,1
DA:18,1
DA:19,1
DA:20,1
DA:21,1
DA:22,1
DA:23,1
DA:24,1
DA:25,1
DA:26,1
DA:27,1
DA:28,1
DA:29,1
DA:30,1
DA:31,1
DA:32,1
DA:33,1
DA:34,1
DA:35,1
DA:36,1
DA:37,1
DA:38,1
DA:39,1
DA:40,1
DA:41,1
DA:42,1
DA:43,1
DA:44,1
DA:45,1
DA:46,1
DA:47,1
DA:48,1
DA:49,1
DA:50,1
DA:51,1
DA:52,1
DA:53,1
DA:54,1
DA:55,1
DA:56,1
DA:57,1
DA:58,1
DA:59,1
DA:60,1
DA:61,1
DA:62,1
DA:63,1
DA:64,1
DA:65,1
DA:66,1
DA:67,1
DA:68,1
DA:69,1
DA:70,1
DA:71,1
DA:72,1
DA:73,1
DA:74,1
DA:75,1
DA:76,1
DA:77,1
DA:78,1
DA:79,1
DA:80,1
DA:81,1
DA:82,1
DA:83,1
DA:84,1
DA:85,1
DA:86,1
DA:87,1
DA:88,1
DA:89,1
DA:90,1
DA:91,1
DA:92,1
DA:93,1
DA:94,1
DA:95,1
DA:96,1
DA:97,1
DA:98,1
DA:99,1
DA:100,1
DA:101,1
DA:102,1
DA:103,1
DA:104,1
DA:105,1
DA:106,1
DA:107,1
DA:108,1
DA:109,1
DA:110,1
DA:111,1
DA:112,1
DA:113,1
DA:114,1
DA:115,1
DA:116,1
DA:117,1
DA:118,1
DA:119,1
DA:120,1
DA:121,1
DA:122,1
DA:123,1
DA:124,1
DA:125,1
DA:126,1
DA:127,1
DA:128,1
DA:129,1
DA:130,1
DA:131,1
DA:132,1
DA:133,1
DA:134,1
DA:135,1
DA:136,1
DA:137,1
DA:138,1
DA:139,1
DA:140,1
DA:141,1
DA:142,1
DA:143,1
DA:144,1
DA:145,1
DA:146,1
DA:147,1
DA:148,1
DA:149,1
DA:150,1
DA:151,1
DA:152,1
DA:153,1
DA:154,1
DA:155,1
DA:156,1
DA:157,1
DA:158,1
DA:159,1
DA:160,1
DA:161,1
DA:162,1
DA:163,1
DA:164,1
DA:165,1
DA:166,307
DA:167,307
DA:168,307
DA:169,307
DA:170,307
DA:171,307
DA:172,307
DA:173,307
DA:174,307
DA:175,307
DA:176,307
DA:177,307
DA:178,307
DA:179,1
DA:180,1
DA:181,1
DA:182,1
DA:183,1
DA:184,1
DA:185,1
DA:186,1
DA:187,1
DA:188,1
DA:189,1
DA:190,1
DA:191,1
DA:192,1
DA:193,381
DA:194,381
DA:195,381
DA:196,381
DA:197,381
DA:198,381
DA:199,381
DA:200,381
DA:201,381
DA:202,381
DA:203,381
DA:204,381
DA:205,1
DA:206,1
DA:207,53
DA:208,53
DA:209,53
DA:210,1
DA:211,1
DA:212,18
DA:213,18
DA:214,18
DA:215,18
DA:216,18
DA:217,1
DA:218,1
DA:219,1
DA:220,1
DA:221,1
DA:222,1
DA:223,1
DA:224,1
DA:225,1
DA:226,1
DA:227,1
DA:228,1
DA:229,1
DA:230,1
DA:231,1
DA:232,1
DA:233,1
DA:234,1
DA:235,1
DA:236,1
DA:237,11
DA:238,11
DA:239,11
DA:240,1
DA:241,1
DA:242,1
DA:243,43
DA:244,43
DA:245,43
DA:246,43
DA:247,43
DA:248,43
DA:249,43
DA:250,43
DA:251,43
DA:252,43
DA:253,43
DA:254,43
DA:255,29
DA:256,11
DA:257,11
DA:258,11
DA:259,43
DA:260,43
DA:261,43
DA:262,43
DA:263,43
DA:264,43
DA:265,43
DA:266,43
DA:267,43
DA:268,43
DA:269,43
DA:270,43
DA:271,43
DA:272,43
DA:273,43
DA:274,43
DA:275,43
DA:276,43
DA:277,43
DA:278,1
DA:279,1
DA:280,1
DA:281,35
DA:282,35
DA:283,1
DA:284,1
DA:285,1
DA:286,8
DA:287,8
DA:288,1
DA:289,1
DA:290,25
DA:291,25
DA:292,25
DA:293,25
DA:294,25
DA:295,25
DA:296,25
DA:297,2
DA:298,2
DA:299,25
DA:300,25
DA:301,25
DA:302,1
DA:303,1
DA:304,28
DA:305,28
DA:306,28
DA:307,28
DA:308,28
DA:309,28
DA:310,28
DA:311,28
DA:312,1
DA:313,1
DA:314,243
DA:315,243
DA:316,243
DA:317,243
DA:318,243
DA:319,243
DA:320,243
DA:321,243
DA:322,243
DA:323,242
DA:324,242
DA:325,243
DA:326,1
DA:327,1
DA:328,27
DA:329,27
DA:330,27
DA:331,27
DA:332,27
DA:333,27
DA:334,27
DA:335,27
DA:336,27
DA:337,27
DA:338,27
DA:339,27
DA:340,27
DA:341,27
DA:342,27
DA:343,27
DA:344,27
DA:345,27
DA:346,27
DA:347,27
DA:348,27
DA:349,27
DA:350,6
DA:351,6
DA:352,27
DA:353,27
DA:354,20
DA:355,20
DA:356,27
DA:357,1
DA:358,1
DA:359,1
DA:360,1
DA:361,1
DA:362,1
DA:363,1
DA:364,4
DA:365,4
DA:366,4
DA:367,4
DA:368,2
DA:369,2
DA:370,2
DA:371,2
DA:372,4
DA:373,1
DA:374,1
DA:375,1
DA:376,1
DA:377,1
DA:378,1
DA:379,1
DA:380,1
DA:381,1
DA:382,1
DA:383,34
DA:384,34
DA:385,34
DA:386,34
DA:387,34
DA:388,34
DA:389,34
DA:390,4
DA:391,4
DA:392,34
DA:393,1
DA:394,1
DA:395,3
DA:396,3
DA:397,3
DA:398,3
DA:399,2
DA:400,2
DA:401,2
DA:402,2
DA:403,3
DA:404,1
DA:405,1
DA:406,1
DA:407,1
DA:408,1
DA:409,1
DA:410,1
DA:411,1
DA:412,24
DA:413,24
DA:414,24
DA:415,24
DA:416,24
DA:417,24
DA:418,24
DA:419,24
DA:420,24
DA:421,24
DA:422,22
DA:423,24
DA:424,2
DA:425,2
DA:426,2
DA:427,2
DA:428,2
DA:429,2
DA:430,2
DA:431,24
DA:432,24
DA:433,1
DA:434,1
DA:435,24
DA:436,24
DA:437,19
DA:438,19
DA:439,19
DA:440,19
DA:441,19
DA:442,19
DA:443,19
DA:444,19
DA:445,19
DA:446,19
DA:447,19
DA:448,19
DA:449,24
DA:450,1
DA:451,1
DA:452,8
DA:453,8
DA:454,8
DA:455,7
DA:456,7
DA:457,7
DA:458,7
DA:459,7
DA:460,7
DA:461,7
DA:462,8
DA:463,1
DA:464,1
DA:465,8
DA:466,8
DA:467,8
DA:468,1
DA:469,1
DA:470,1
DA:471,1
DA:472,1
DA:473,1
DA:474,1
DA:475,1
DA:476,6
DA:477,6
DA:478,6
DA:479,6
DA:480,7
DA:481,7
DA:482,7
DA:483,7
DA:484,7
DA:485,7
DA:486,7
DA:487,7
DA:488,7
DA:489,7
DA:490,7
DA:491,2
DA:492,2
DA:493,7
DA:494,7
DA:495,104
DA:496,104
DA:497,104
DA:498,104
DA:499,104
DA:500,104
DA:501,104
DA:502,104
DA:503,7
DA:504,7
DA:505,4
DA:506,4
DA:507,7
DA:508,7
DA:509,1
DA:510,6
DA:511,1
DA:512,1
DA:513,11
DA:514,11
DA:515,11
DA:516,11
DA:517,11
DA:518,9
DA:519,9
DA:520,9
DA:521,9
DA:522,9
DA:523,9
DA:524,9
DA:525,9
DA:526,11
DA:527,11
DA:528,11
DA:529,11
DA:530,8
DA:531,8
DA:532,11
LF:532
LH:532
BRDA:513,0,0,0
BRDA:1,1,0,19
BRDA:1,2,0,1
BRDA:1,3,0,23
BRDA:1,4,0,1
BRDA:1,5,0,0
BRDA:1,6,0,23
BRDA:1,7,0,424
BRDA:1,8,0,1
BRDA:1,9,0,28
BRDA:1,10,0,1
BRDA:1,11,0,243
BRDA:1,12,0,1
BRDA:1,13,0,1
BRDA:1,14,0,4
BRDA:1,15,0,6
BRDA:1,16,0,1
BRDA:1,17,0,13
BRDA:1,18,0,6
BRDA:1,19,0,1
BRDA:1,20,0,11
BRDA:1,21,0,35
BRDA:1,22,0,8
BRDA:1,23,0,3
BRDA:1,24,0,1
BRDA:1,25,0,24
BRDA:1,26,0,1
BRDA:1,27,0,8
BRDA:1,28,0,27
BRDA:1,29,0,1
BRDA:85,30,0,501
BRDA:102,31,0,55
BRDA:102,32,0,29
BRDA:102,33,0,19
BRDA:120,34,0,43
BRDA:120,35,0,1
BRDA:120,36,0,42
BRDA:125,37,0,43
BRDA:125,38,0,1
BRDA:125,39,0,42
BRDA:133,40,0,43
BRDA:133,41,0,1
BRDA:133,42,0,42
BRDA:166,43,0,307
BRDA:193,44,0,381
BRDA:202,45,0,370
BRDA:202,46,0,11
BRDA:202,47,0,0
BRDA:207,48,0,53
BRDA:212,49,0,18
BRDA:237,50,0,11
BRDA:238,51,0,1
BRDA:243,52,0,43
BRDA:249,53,0,29
BRDA:249,54,0,11
BRDA:254,55,0,29
BRDA:255,56,0,11
BRDA:261,57,0,34
BRDA:262,58,0,36
BRDA:270,59,0,7
BRDA:270,60,0,3
BRDA:270,61,0,33
BRDA:276,62,0,40
BRDA:276,63,0,116
BRDA:280,64,0,35
BRDA:285,65,0,8
BRDA:290,66,0,25
BRDA:296,67,0,2
BRDA:300,68,0,23
BRDA:304,69,0,28
BRDA:314,70,0,243
BRDA:322,71,0,242
BRDA:328,72,0,27
BRDA:337,73,0,18
BRDA:337,74,0,8
BRDA:345,75,0,21
BRDA:345,76,0,5
BRDA:349,77,0,26
BRDA:349,78,0,6
BRDA:353,79,0,20
BRDA:364,80,0,4
BRDA:367,81,0,2
BRDA:383,82,0,34
BRDA:389,83,0,4
BRDA:395,84,0,3
BRDA:398,85,0,2
BRDA:412,86,0,24
BRDA:421,87,0,22
BRDA:423,88,0,2
BRDA:432,89,0,20
BRDA:432,90,0,1
BRDA:436,91,0,19
BRDA:452,92,0,8
BRDA:454,93,0,7
BRDA:456,94,0,6
BRDA:462,95,0,1
BRDA:466,96,0,6
BRDA:476,97,0,6
BRDA:479,98,0,7
BRDA:484,99,0,6
BRDA:484,100,0,1
BRDA:490,101,0,2
BRDA:494,102,0,5
BRDA:494,103,0,104
BRDA:504,104,0,5
BRDA:504,105,0,4
BRDA:508,106,0,1
BRDA:513,107,0,11
BRDA:529,108,0,8
BRDA:517,109,0,9
BRDA:524,110,0,7
BRDA:524,111,0,2
BRDA:525,112,0,8
BRDA:525,113,0,1
BRF:114
BRH:111
end_of_record
TN:
SF:src\utils\authCookie.ts
FN:1,__name
FN:1,__export
FN:1,__copyProps
FN:1,get
FN:1,__toCommonJS
FN:1,AUTH_COOKIE
FN:1,clearAuthCookie
FN:1,setAuthCookie
FN:17,setAuthCookie
FN:25,clearAuthCookie
FNF:10
FNH:10
FNDA:2,__name
FNDA:1,__export
FNDA:1,__copyProps
FNDA:631,get
FNDA:1,__toCommonJS
FNDA:418,AUTH_COOKIE
FNDA:1,clearAuthCookie
FNDA:212,setAuthCookie
FNDA:212,setAuthCookie
FNDA:1,clearAuthCookie
DA:1,212
DA:2,1
DA:3,1
DA:4,1
DA:5,1
DA:6,1
DA:7,1
DA:8,1
DA:9,1
DA:10,1
DA:11,1
DA:12,1
DA:13,1
DA:14,1
DA:15,1
DA:16,1
DA:17,1
DA:18,212
DA:19,212
DA:20,212
DA:21,212
DA:22,212
DA:23,1
DA:24,1
DA:25,1
DA:26,1
DA:27,1
LF:27
LH:27
BRDA:25,0,0,0
BRDA:1,1,0,2
BRDA:1,2,0,1
BRDA:1,3,0,3
BRDA:1,4,0,1
BRDA:1,5,0,0
BRDA:1,6,0,3
BRDA:1,7,0,631
BRDA:1,8,0,1
BRDA:1,9,0,418
BRDA:1,10,0,1
BRDA:1,11,0,212
BRDA:17,12,0,212
BRDA:25,13,0,1
BRF:14
BRH:12
end_of_record
TN:
SF:src\utils\commonPasswords.ts
FN:1,__name
FN:1,__export
FN:1,__copyProps
FN:1,get
FN:1,__toCommonJS
FN:1,isCommonPassword
FN:70,isCommonPassword
FNF:7
FNH:7
FNDA:1,__name
FNDA:1,__export
FNDA:1,__copyProps
FNDA:219,get
FNDA:1,__toCommonJS
FNDA:219,isCommonPassword
FNDA:219,isCommonPassword
DA:1,219
DA:2,1
DA:3,1
DA:4,1
DA:5,1
DA:6,1
DA:7,1
DA:8,1
DA:9,1
DA:10,1
DA:11,1
DA:12,1
DA:13,1
DA:14,1
DA:15,1
DA:16,1
DA:17,1
DA:18,1
DA:19,1
DA:20,1
DA:21,1
DA:22,1
DA:23,1
DA:24,1
DA:25,1
DA:26,1
DA:27,1
DA:28,1
DA:29,1
DA:30,1
DA:31,1
DA:32,1
DA:33,1
DA:34,1
DA:35,1
DA:36,1
DA:37,1
DA:38,1
DA:39,1
DA:40,1
DA:41,1
DA:42,1
DA:43,1
DA:44,1
DA:45,1
DA:46,1
DA:47,1
DA:48,1
DA:49,1
DA:50,1
DA:51,1
DA:52,1
DA:53,1
DA:54,1
DA:55,1
DA:56,1
DA:57,1
DA:58,1
DA:59,1
DA:60,1
DA:61,1
DA:62,1
DA:63,1
DA:64,1
DA:65,1
DA:66,1
DA:67,1
DA:68,1
DA:69,1
DA:70,1
DA:71,219
DA:72,219
LF:72
LH:72
BRDA:70,0,0,0
BRDA:1,1,0,1
BRDA:1,2,0,1
BRDA:1,3,0,1
BRDA:1,4,0,0
BRDA:1,5,0,219
BRDA:1,6,0,1
BRDA:1,7,0,219
BRDA:70,8,0,219
BRF:9
BRH:7
end_of_record
TN:
SF:src\utils\html.ts
FN:1,__name
FN:1,__export
FN:1,__copyProps
FN:1,get
FN:1,__toCommonJS
FN:1,htmlToText
FN:11,decode
FN:34,htmlToText
FNF:8
FNH:8
FNDA:2,__name
FNDA:1,__export
FNDA:1,__copyProps
FNDA:266,get
FNDA:1,__toCommonJS
FNDA:266,htmlToText
FNDA:5,decode
FNDA:266,htmlToText
DA:1,1
DA:2,1
DA:3,1
DA:4,1
DA:5,1
DA:6,1
DA:7,1
DA:8,1
DA:9,1
DA:10,1
DA:11,5
DA:12,5
DA:13,1
DA:14,0
DA:15,1
DA:16,1
DA:17,1
DA:18,1
DA:19,1
DA:20,1
DA:21,1
DA:22,1
DA:23,0
DA:24,5
DA:25,5
DA:26,5
DA:27,1
DA:28,1
DA:29,1
DA:30,1
DA:31,1
DA:32,1
DA:33,1
DA:34,1
DA:35,266
DA:36,266
DA:37,266
DA:38,266
DA:39,266
DA:40,266
DA:41,266
LF:41
LH:39
BRDA:34,0,0,0
BRDA:1,1,0,2
BRDA:1,2,0,1
BRDA:1,3,0,1
BRDA:1,4,0,0
BRDA:1,5,0,266
BRDA:1,6,0,1
BRDA:1,7,0,266
BRDA:11,8,0,5
BRDA:12,9,0,1
BRDA:13,10,0,0
BRDA:22,11,0,0
BRDA:25,12,0,4
BRDA:25,13,0,1
BRDA:34,14,0,266
BRF:15
BRH:11
end_of_record
TN:
SF:src\utils\httpError.ts
FN:1,__name
FN:1,__export
FN:1,__copyProps
FN:1,get
FN:1,__toCommonJS
FN:1,HttpError
FN:1,<static_initializer>
FN:3,<instance_members_initializer>
FN:7,HttpError
FNF:9
FNH:9
FNDA:1,__name
FNDA:1,__export
FNDA:1,__copyProps
FNDA:520,get
FNDA:1,__toCommonJS
FNDA:520,HttpError
FNDA:1,<static_initializer>
FNDA:453,<instance_members_initializer>
FNDA:453,HttpError
DA:1,1
DA:2,1
DA:3,1
DA:4,453
DA:5,453
DA:6,1
DA:7,1
DA:8,453
DA:9,453
DA:10,453
DA:11,453
DA:12,453
DA:13,0
LF:13
LH:12
BRDA:13,0,0,0
BRDA:1,1,0,1
BRDA:1,2,0,1
BRDA:1,3,0,1
BRDA:1,4,0,0
BRDA:1,5,0,520
BRDA:1,6,0,1
BRDA:1,7,0,520
BRDA:1,8,0,1
BRDA:3,9,0,453
BRDA:7,10,0,453
BRF:11
BRH:9
end_of_record
TN:
SF:src\utils\logger.ts
FN:1,__name
FN:1,__export
FN:1,__copyProps
FN:1,get
FN:1,__toESM
FN:1,__toCommonJS
FN:1,logger
FN:6,resolveLevel
FNF:8
FNH:8
FNDA:1,__name
FNDA:1,__export
FNDA:2,__copyProps
FNDA:594,get
FNDA:1,__toESM
FNDA:1,__toCommonJS
FNDA:594,logger
FNDA:1,resolveLevel
DA:1,1
DA:2,1
DA:3,1
DA:4,1
DA:5,1
DA:6,1
DA:7,1
DA:8,1
DA:9,1
DA:10,1
DA:11,1
DA:12,1
DA:13,1
DA:14,0
DA:15,1
DA:16,1
DA:17,1
DA:18,1
LF:18
LH:17
BRDA:13,0,0,0
BRDA:18,1,0,0
BRDA:1,2,0,1
BRDA:1,3,0,1
BRDA:1,4,0,2
BRDA:1,5,0,1
BRDA:1,6,0,14
BRDA:1,7,0,13
BRDA:1,8,0,13
BRDA:1,9,0,594
BRDA:1,10,0,1
BRDA:1,11,0,0
BRDA:1,12,0,0
BRDA:1,13,0,1
BRDA:1,14,0,594
BRDA:6,15,0,1
BRDA:8,16,0,0
BRF:17
BRH:12
end_of_record
TN:
SF:src\utils\password.ts
FN:1,__name
FN:1,__export
FN:1,__copyProps
FN:1,get
FN:1,__toESM
FN:1,__toCommonJS
FN:1,hashPassword
FN:1,maxPasswordBytes
FN:1,verifyPassword
FN:16,hashPassword
FN:21,verifyPassword
FNF:11
FNH:11
FNDA:2,__name
FNDA:1,__export
FNDA:2,__copyProps
FNDA:453,get
FNDA:1,__toESM
FNDA:1,__toCommonJS
FNDA:208,hashPassword
FNDA:220,maxPasswordBytes
FNDA:25,verifyPassword
FNDA:208,hashPassword
FNDA:25,verifyPassword
DA:1,1
DA:2,1
DA:3,1
DA:4,1
DA:5,1
DA:6,1
DA:7,1
DA:8,1
DA:9,1
DA:10,1
DA:11,1
DA:12,1
DA:13,1
DA:14,1
DA:15,1
DA:16,1
DA:17,208
DA:18,208
DA:19,1
DA:20,1
DA:21,1
DA:22,25
DA:23,25
LF:23
LH:23
BRDA:6,0,0,0
BRDA:21,1,0,0
BRDA:1,2,0,2
BRDA:1,3,0,1
BRDA:1,4,0,3
BRDA:1,5,0,2
BRDA:1,6,0,0
BRDA:1,7,0,10
BRDA:1,8,0,453
BRDA:1,9,0,1
BRDA:1,10,0,0
BRDA:1,11,0,0
BRDA:1,12,0,1
BRDA:1,13,0,208
BRDA:1,14,0,220
BRDA:1,15,0,25
BRDA:16,16,0,208
BRDA:21,17,0,25
BRF:18
BRH:13
end_of_record
TN:
SF:src\utils\sanitiseHtml.ts
FN:1,__name
FN:1,__export
FN:1,__copyProps
FN:1,get
FN:1,__toESM
FN:1,__toCommonJS
FN:1,sanitiseHtml
FN:64,sanitiseHtml
FNF:8
FNH:8
FNDA:1,__name
FNDA:1,__export
FNDA:2,__copyProps
FNDA:25,get
FNDA:1,__toESM
FNDA:1,__toCommonJS
FNDA:25,sanitiseHtml
FNDA:524,sanitiseHtml
DA:1,1
DA:2,1
DA:3,1
DA:4,1
DA:5,1
DA:6,1
DA:7,1
DA:8,1
DA:9,1
DA:10,1
DA:11,1
DA:12,1
DA:13,1
DA:14,1
DA:15,1
DA:16,1
DA:17,1
DA:18,1
DA:19,1
DA:20,1
DA:21,1
DA:22,1
DA:23,1
DA:24,1
DA:25,1
DA:26,1
DA:27,1
DA:28,1
DA:29,1
DA:30,1
DA:31,1
DA:32,1
DA:33,1
DA:34,1
DA:35,1
DA:36,1
DA:37,1
DA:38,1
DA:39,1
DA:40,1
DA:41,1
DA:42,1
DA:43,1
DA:44,1
DA:45,1
DA:46,1
DA:47,1
DA:48,1
DA:49,1
DA:50,1
DA:51,1
DA:52,1
DA:53,1
DA:54,1
DA:55,1
DA:56,1
DA:57,1
DA:58,1
DA:59,1
DA:60,1
DA:61,1
DA:62,1
DA:63,1
DA:64,1
DA:65,524
DA:66,524
LF:66
LH:66
BRDA:64,0,0,0
BRDA:1,1,0,1
BRDA:1,2,0,1
BRDA:1,3,0,2
BRDA:1,4,0,1
BRDA:1,5,0,6
BRDA:1,6,0,25
BRDA:1,7,0,1
BRDA:1,8,0,0
BRDA:1,9,0,0
BRDA:1,10,0,1
BRDA:1,11,0,25
BRDA:38,12,0,7
BRDA:64,13,0,524
BRF:14
BRH:11
end_of_record
TN:
SF:src\utils\token.ts
FN:1,__name
FN:1,__export
FN:1,__copyProps
FN:1,get
FN:1,__toESM
FN:1,__toCommonJS
FN:1,readToken
FN:1,signToken
FN:16,signToken
FN:25,readToken
FNF:10
FNH:10
FNDA:2,__name
FNDA:1,__export
FNDA:2,__copyProps
FNDA:620,get
FNDA:1,__toESM
FNDA:1,__toCommonJS
FNDA:406,readToken
FNDA:214,signToken
FNDA:214,signToken
FNDA:406,readToken
DA:1,1
DA:2,1
DA:3,1
DA:4,1
DA:5,1
DA:6,1
DA:7,1
DA:8,1
DA:9,1
DA:10,1
DA:11,1
DA:12,1
DA:13,1
DA:14,1
DA:15,1
DA:16,1
DA:17,214
DA:18,214
DA:19,214
DA:20,214
DA:21,214
DA:22,214
DA:23,1
DA:24,1
DA:25,1
DA:26,406
DA:27,406
DA:28,406
DA:29,406
DA:30,0
DA:31,0
DA:32,406
DA:33,406
DA:34,401
DA:35,401
DA:36,406
DA:37,0
DA:38,0
DA:39,406
DA:40,406
DA:41,406
DA:42,5
DA:43,5
DA:44,406
LF:44
LH:40
BRDA:25,0,0,0
BRDA:1,1,0,2
BRDA:1,2,0,1
BRDA:1,3,0,2
BRDA:1,4,0,2
BRDA:1,5,0,0
BRDA:1,6,0,8
BRDA:1,7,0,620
BRDA:1,8,0,1
BRDA:1,9,0,0
BRDA:1,10,0,0
BRDA:1,11,0,1
BRDA:1,12,0,406
BRDA:1,13,0,214
BRDA:16,14,0,214
BRDA:25,15,0,406
BRDA:29,16,0,401
BRDA:29,17,0,0
BRDA:33,18,0,401
BRDA:36,19,0,0
BRDA:40,20,0,401
BRDA:41,21,0,5
BRF:22
BRH:16
end_of_record
TN:
SF:src\utils\validation.ts
FN:1,__name
FN:1,__export
FN:1,__copyProps
FN:1,get
FN:1,__toCommonJS
FN:1,parseOrThrow
FN:6,parseOrThrow
FNF:7
FNH:7
FNDA:1,__name
FNDA:1,__export
FNDA:1,__copyProps
FNDA:867,get
FNDA:1,__toCommonJS
FNDA:867,parseOrThrow
FNDA:867,parseOrThrow
DA:1,867
DA:2,1
DA:3,1
DA:4,1
DA:5,1
DA:6,1
DA:7,867
DA:8,867
DA:9,867
DA:10,23
DA:11,23
DA:12,23
DA:13,23
DA:14,23
DA:15,23
DA:16,23
DA:17,867
DA:18,867
DA:19,867
LF:19
LH:19
BRDA:6,0,0,0
BRDA:1,1,0,1
BRDA:1,2,0,1
BRDA:1,3,0,1
BRDA:1,4,0,0
BRDA:1,5,0,867
BRDA:1,6,0,1
BRDA:1,7,0,867
BRDA:6,8,0,867
BRDA:9,9,0,23
BRDA:18,10,0,844
BRDA:10,11,0,23
BRF:12
BRH:10
end_of_record
